2026-04-17 19:16:31,728 | INFO | Iniciando o projeto.
2026-04-17 19:16:31,728 | ERROR | Riot Client não foi encontrado.
2026-04-17 19:20:16,790 | INFO | Iniciando o projeto.
2026-04-17 19:20:16,791 | INFO | Riot Client encontrado em: C:\Games\Riot Games\Riot Client\RiotClientServices.exe
2026-04-17 19:20:16,802 | INFO | Riot Client iniciado. PID: 8308
2026-04-17 19:20:26,803 | INFO | Teste concluído.
2026-04-17 19:22:13,246 | INFO | Iniciando o projeto.
2026-04-17 19:22:13,246 | INFO | Riot Client encontrado em: C:\Games\Riot Games\Riot Client\RiotClientServices.exe
2026-04-17 19:22:13,256 | INFO | Riot Client iniciado. PID: 9312
2026-04-17 19:22:13,256 | INFO | Aguardando abertura da janela...
2026-04-17 19:22:22,078 | INFO | Janela encontrada com sucesso.
2026-04-17 19:22:22,616 | INFO | Janela focada.
2026-04-17 19:22:27,616 | INFO | Teste de controle concluído.
2026-04-17 19:26:44,226 | INFO | Iniciando o projeto.
2026-04-17 19:26:44,226 | INFO | Riot Client encontrado em: C:\Games\Riot Games\Riot Client\RiotClientServices.exe
2026-04-17 19:26:44,243 | INFO | Riot Client iniciado. PID: 12932
2026-04-17 19:26:44,243 | INFO | Aguardando abertura da janela...
2026-04-17 19:26:44,491 | INFO | Janela encontrada com sucesso.
2026-04-17 19:26:49,756 | INFO | Janela focada.
2026-04-17 19:26:49,756 | INFO | Abrindo VALORANT...
2026-04-17 19:26:49,787 | ERROR | Erro ao iniciar: [WinError 5] Acesso negado
Traceback (most recent call last):
  File "C:\Users\Guilherme Lorin\Documents\PROJETO\valorant-store-viewer\valorant-store-viewer\app\main.py", line 37, in main
    valorant_process = launch_valorant()
                       ^^^^^^^^^^^^^^^^^
  File "C:\Users\Guilherme Lorin\Documents\PROJETO\valorant-store-viewer\valorant-store-viewer\app\valorant_launcher.py", line 8, in launch_valorant
    return subprocess.Popen([str(path)], shell=False)
           ^^^^^^^^^^^^^^^^^^^^^^^^^^^^^^^^^^^^^^^^^^
  File "C:\Program Files\WindowsApps\PythonSoftwareFoundation.Python.3.12_3.12.2800.0_x64__qbz5n2kfra8p0\Lib\subprocess.py", line 1026, in __init__
    self._execute_child(args, executable, preexec_fn, close_fds,
  File "C:\Program Files\WindowsApps\PythonSoftwareFoundation.Python.3.12_3.12.2800.0_x64__qbz5n2kfra8p0\Lib\subprocess.py", line 1538, in _execute_child
    hp, ht, pid, tid = _winapi.CreateProcess(executable, args,
                       ^^^^^^^^^^^^^^^^^^^^^^^^^^^^^^^^^^^^^^^
PermissionError: [WinError 5] Acesso negado
2026-04-17 19:27:07,029 | INFO | Iniciando o projeto.
2026-04-17 19:27:07,029 | INFO | Riot Client encontrado em: C:\Games\Riot Games\Riot Client\RiotClientServices.exe
2026-04-17 19:27:07,029 | INFO | Riot Client iniciado. PID: 16848
2026-04-17 19:27:07,029 | INFO | Aguardando abertura da janela...
2026-04-17 19:27:15,722 | INFO | Janela encontrada com sucesso.
2026-04-17 19:27:16,281 | INFO | Janela focada.
2026-04-17 19:27:16,281 | INFO | Abrindo VALORANT...
2026-04-17 19:27:16,306 | ERROR | Erro ao iniciar: [WinError 5] Acesso negado
Traceback (most recent call last):
  File "C:\Users\Guilherme Lorin\Documents\PROJETO\valorant-store-viewer\valorant-store-viewer\app\main.py", line 37, in main
    valorant_process = launch_valorant()
                       ^^^^^^^^^^^^^^^^^
  File "C:\Users\Guilherme Lorin\Documents\PROJETO\valorant-store-viewer\valorant-store-viewer\app\valorant_launcher.py", line 8, in launch_valorant
    return subprocess.Popen([str(path)], shell=False)
           ^^^^^^^^^^^^^^^^^^^^^^^^^^^^^^^^^^^^^^^^^^
  File "C:\Program Files\WindowsApps\PythonSoftwareFoundation.Python.3.12_3.12.2800.0_x64__qbz5n2kfra8p0\Lib\subprocess.py", line 1026, in __init__
    self._execute_child(args, executable, preexec_fn, close_fds,
  File "C:\Program Files\WindowsApps\PythonSoftwareFoundation.Python.3.12_3.12.2800.0_x64__qbz5n2kfra8p0\Lib\subprocess.py", line 1538, in _execute_child
    hp, ht, pid, tid = _winapi.CreateProcess(executable, args,
                       ^^^^^^^^^^^^^^^^^^^^^^^^^^^^^^^^^^^^^^^
PermissionError: [WinError 5] Acesso negado
2026-04-17 19:33:36,939 | INFO | Iniciando o projeto.
2026-04-17 19:33:36,940 | INFO | Riot Client encontrado em: C:\Games\Riot Games\Riot Client\RiotClientServices.exe
2026-04-17 19:33:36,944 | INFO | Riot Client iniciado. PID: 10660
2026-04-17 19:33:36,944 | INFO | Aguardando abertura da janela...
2026-04-17 19:33:44,031 | INFO | Janela encontrada com sucesso.
2026-04-17 19:33:44,538 | INFO | Janela focada.
2026-04-17 19:33:46,539 | INFO | Clicando no botão JOGAR...
2026-04-17 19:34:04,302 | INFO | Teste de clique concluído.
2026-04-17 19:37:45,835 | INFO | Iniciando o projeto.
2026-04-17 19:37:45,835 | INFO | Riot Client encontrado em: C:\Games\Riot Games\Riot Client\RiotClientServices.exe
2026-04-17 19:37:45,850 | INFO | Riot Client iniciado. PID: 7052
2026-04-17 19:37:45,850 | INFO | Aguardando abertura da janela...
2026-04-17 19:37:54,876 | INFO | Janela encontrada com sucesso.
2026-04-17 19:37:55,388 | INFO | Janela focada.
2026-04-17 19:37:57,389 | INFO | Abrindo VALORANT via launcher...
2026-04-17 19:37:57,389 | INFO | Clicando no ícone do VALORANT...
2026-04-17 19:38:02,151 | INFO | Clicando no botão PLAY...
2026-04-17 19:38:19,912 | INFO | Fluxo completo executado.
2026-04-17 19:40:41,210 | INFO | Iniciando o projeto.
2026-04-17 19:40:41,210 | INFO | Riot Client encontrado em: C:\Games\Riot Games\Riot Client\RiotClientServices.exe
2026-04-17 19:40:41,210 | INFO | Riot Client iniciado. PID: 7144
2026-04-17 19:40:41,210 | INFO | Aguardando abertura da janela do Riot Client...
2026-04-17 19:40:49,946 | INFO | Janela do Riot Client encontrada com sucesso.
2026-04-17 19:40:50,448 | INFO | Janela do Riot Client focada.
2026-04-17 19:40:52,449 | INFO | Clicando no ícone do VALORANT...
2026-04-17 19:40:57,209 | INFO | Clicando no botão PLAY...
2026-04-17 19:40:59,964 | INFO | Aguardando abertura da janela do VALORANT...
2026-04-17 19:41:15,475 | INFO | Janela do VALORANT encontrada com sucesso.
2026-04-17 19:41:17,109 | INFO | Janela do VALORANT focada.
2026-04-17 19:41:22,110 | INFO | Teste de detecção do VALORANT concluído.
2026-04-17 19:47:26,554 | INFO | Iniciando o projeto.
2026-04-17 19:47:26,554 | INFO | Riot Client encontrado em: C:\Games\Riot Games\Riot Client\RiotClientServices.exe
2026-04-17 19:47:26,570 | INFO | Riot Client iniciado. PID: 17076
2026-04-17 19:47:26,570 | INFO | Aguardando abertura da janela do Riot Client...
2026-04-17 19:47:26,850 | INFO | Janela do Riot Client encontrada com sucesso.
2026-04-17 19:47:31,956 | INFO | Janela do Riot Client focada.
2026-04-17 19:47:33,957 | INFO | Clicando no ícone do VALORANT...
2026-04-17 19:47:38,713 | INFO | Clicando no botão PLAY...
2026-04-17 19:47:41,469 | INFO | Aguardando abertura da janela do VALORANT...
2026-04-17 19:47:59,570 | INFO | Janela do VALORANT encontrada com sucesso.
2026-04-17 19:48:01,204 | INFO | Janela do VALORANT focada.
2026-04-17 19:48:06,205 | INFO | Clicando no botão LOJA...
2026-04-17 19:48:13,963 | INFO | Teste de abertura da loja concluído.
2026-04-17 19:59:48,276 | INFO | Iniciando o projeto.
2026-04-17 19:59:48,276 | INFO | Riot Client encontrado em: C:\Games\Riot Games\Riot Client\RiotClientServices.exe
2026-04-17 19:59:48,288 | INFO | Riot Client iniciado. PID: 10556
2026-04-17 19:59:48,288 | INFO | Aguardando abertura da janela do Riot Client...
2026-04-17 19:59:50,819 | INFO | Janela do Riot Client encontrada com sucesso.
2026-04-17 19:59:58,286 | INFO | Janela do Riot Client focada.
2026-04-17 20:00:00,287 | INFO | Clicando no ícone do VALORANT...
2026-04-17 20:00:05,052 | INFO | Clicando no botão PLAY...
2026-04-17 20:00:07,811 | INFO | Aguardando abertura da janela do VALORANT...
2026-04-17 20:00:10,350 | INFO | Janela do VALORANT encontrada com sucesso.
2026-04-17 20:00:14,691 | INFO | Janela do VALORANT focada.
2026-04-17 20:00:19,692 | INFO | Clicando no botão LOJA...
2026-04-17 20:00:27,450 | INFO | Capturando screenshot da loja...
2026-04-17 20:00:29,763 | INFO | Screenshot salva em: data\screenshots\store.png
2026-04-17 20:00:29,764 | INFO | Lendo ofertas com OCR...
2026-04-17 20:00:31,042 | INFO | Ofertas encontradas:
2026-04-17 20:00:31,042 | INFO | 1. 
2026-04-17 20:00:31,043 | INFO | 2. 
2026-04-17 20:00:31,043 | INFO | 3. 
2026-04-17 20:00:31,043 | INFO | 4. 
2026-04-17 20:00:31,043 | INFO | Teste concluído com sucesso.
2026-04-17 20:02:35,893 | INFO | Iniciando o projeto.
2026-04-17 20:02:35,893 | INFO | Riot Client encontrado em: C:\Games\Riot Games\Riot Client\RiotClientServices.exe
2026-04-17 20:02:35,909 | INFO | Riot Client iniciado. PID: 16056
2026-04-17 20:02:35,909 | INFO | Aguardando abertura da janela do Riot Client...
2026-04-17 20:02:43,985 | INFO | Janela do Riot Client encontrada com sucesso.
2026-04-17 20:02:45,154 | INFO | Janela do Riot Client focada.
2026-04-17 20:02:47,155 | INFO | Clicando no ícone do VALORANT...
2026-04-17 20:02:51,917 | INFO | Clicando no botão PLAY...
2026-04-17 20:02:54,677 | INFO | Aguardando abertura da janela do VALORANT...
2026-04-17 20:03:13,227 | INFO | Janela do VALORANT encontrada com sucesso.
2026-04-17 20:03:14,861 | INFO | Janela do VALORANT focada.
2026-04-17 20:03:19,863 | INFO | Clicando no botão LOJA...
2026-04-17 20:03:27,624 | INFO | Capturando screenshot da loja...
2026-04-17 20:03:29,922 | INFO | Screenshot salva em: data\screenshots\store.png
2026-04-17 20:03:29,922 | INFO | Lendo ofertas com OCR...
2026-04-17 20:03:30,887 | INFO | Ofertas encontradas:
2026-04-17 20:03:30,887 | INFO | 1. GWEJEJELLLLIPEEYZLLPULEEUGGZEELLUNEOC I
2026-04-17 20:03:30,887 | INFO | 2. PNJINBFTN T
2026-04-17 20:03:30,888 | INFO | 3. AA J
2026-04-17 20:03:30,888 | INFO | 4. WETRAINYSOFIVIALEIUANTOTTAAINEW
2026-04-17 20:03:30,888 | INFO | Teste concluído com sucesso.
2026-04-17 20:08:24,715 | INFO | Iniciando o projeto.
2026-04-17 20:08:24,716 | INFO | Riot Client encontrado em: C:\Games\Riot Games\Riot Client\RiotClientServices.exe
2026-04-17 20:08:24,727 | INFO | Riot Client iniciado. PID: 18044
2026-04-17 20:08:24,727 | INFO | Aguardando abertura da janela do Riot Client...
2026-04-17 20:08:28,130 | INFO | Janela do Riot Client encontrada com sucesso.
2026-04-17 20:08:34,134 | INFO | Janela do Riot Client focada.
2026-04-17 20:08:36,135 | INFO | Clicando no ícone do VALORANT...
2026-04-17 20:08:40,894 | INFO | Clicando no botão PLAY...
2026-04-17 20:08:43,651 | INFO | Aguardando abertura da janela do VALORANT...
2026-04-17 20:08:45,691 | INFO | Janela do VALORANT encontrada com sucesso.
2026-04-17 20:08:50,205 | INFO | Janela do VALORANT focada.
2026-04-17 20:08:55,207 | INFO | Clicando no botão LOJA...
2026-04-17 20:09:02,963 | INFO | Capturando screenshot da loja...
2026-04-17 20:09:05,259 | INFO | Screenshot salva em: data\screenshots\store.png
2026-04-17 20:09:05,259 | INFO | Lendo ofertas com OCR...
2026-04-17 20:09:06,143 | INFO | Ofertas encontradas:
2026-04-17 20:09:06,143 | INFO | 1. BUBBLEGUMDEATHWISHSHERIFF Z
2026-04-17 20:09:06,143 | INFO | 2. IONSPECTRE Y
2026-04-17 20:09:06,143 | INFO | 3. PHASEGUARDGHOST
2026-04-17 20:09:06,143 | INFO | 4. OHAKUMATSUBAPHANTOM
2026-04-17 20:09:06,144 | INFO | Teste concluído com sucesso.
2026-04-17 20:14:29,007 | INFO | Iniciando o projeto.
2026-04-17 20:14:29,007 | INFO | Riot Client encontrado em: C:\Games\Riot Games\Riot Client\RiotClientServices.exe
2026-04-17 20:14:29,023 | INFO | Riot Client iniciado. PID: 18908
2026-04-17 20:14:29,023 | INFO | Aguardando abertura da janela do Riot Client...
2026-04-17 20:14:38,383 | INFO | Janela do Riot Client encontrada com sucesso.
2026-04-17 20:14:39,249 | INFO | Janela do Riot Client focada.
2026-04-17 20:14:41,250 | INFO | Clicando no ícone do VALORANT...
2026-04-17 20:14:46,012 | INFO | Clicando no botão PLAY...
2026-04-17 20:14:48,773 | INFO | Aguardando abertura da janela do VALORANT...
2026-04-17 20:15:06,887 | INFO | Janela do VALORANT encontrada com sucesso.
2026-04-17 20:15:08,521 | INFO | Janela do VALORANT focada.
2026-04-17 20:15:13,522 | INFO | Clicando no botão LOJA...
2026-04-17 20:15:21,281 | INFO | Capturando screenshot da loja...
2026-04-17 20:15:23,572 | INFO | Screenshot salva em: data\screenshots\store.png
2026-04-17 20:15:23,572 | INFO | Lendo ofertas com OCR...
2026-04-17 20:15:24,427 | INFO | Ofertas encontradas:
2026-04-17 20:15:24,427 | INFO | 1. BUBBLEGUM DEATHWISH SHERIFF   2175
2026-04-17 20:15:24,428 | INFO | 2. ION SPECTRE  1775
2026-04-17 20:15:24,428 | INFO | 3. PHASEGUARD GHOST  2475
2026-04-17 20:15:24,428 | INFO | 4. KOHAKU & MATSUBA SORE  1275
2026-04-17 20:15:24,428 | INFO | Teste concluído com sucesso.
2026-04-17 20:45:24,525 | INFO | Iniciando o projeto.
2026-04-17 20:45:24,525 | INFO | Riot Client encontrado em: C:\Games\Riot Games\Riot Client\RiotClientServices.exe
2026-04-17 20:45:24,533 | INFO | Riot Client iniciado. PID: 17380
2026-04-17 20:45:24,533 | INFO | Aguardando abertura da janela do Riot Client...
2026-04-17 20:45:33,523 | INFO | Janela do Riot Client encontrada com sucesso.
2026-04-17 20:45:34,404 | INFO | Janela do Riot Client focada.
2026-04-17 20:45:36,405 | INFO | Clicando no ícone do VALORANT...
2026-04-17 20:45:41,165 | INFO | Clicando no botão PLAY...
2026-04-17 20:45:43,921 | INFO | Aguardando abertura da janela do VALORANT...
2026-04-17 20:46:00,921 | INFO | Janela do VALORANT encontrada com sucesso.
2026-04-17 20:46:02,622 | INFO | Janela do VALORANT focada.
2026-04-17 20:46:07,623 | INFO | Clicando no botão LOJA...
2026-04-17 20:46:15,383 | INFO | Capturando screenshot da loja...
2026-04-17 20:46:17,691 | INFO | Screenshot salva em: data\screenshots\store.png
2026-04-17 20:46:17,692 | INFO | Lendo ofertas com OCR...
2026-04-17 20:46:19,054 | INFO | Ofertas encontradas:
2026-04-17 20:46:19,054 | INFO | 1. BUBBLEGUM DEATHWISH SHERIFF   2175
2026-04-17 20:46:19,054 | INFO | 2. ION SPECTRE  1775
2026-04-17 20:46:19,055 | INFO | 3. PHASEGUARD GHOST  2475
2026-04-17 20:46:19,055 | INFO | 4. KOHAKU & MATSUBA SORE  1275
2026-04-17 20:46:19,055 | INFO | Teste concluído com sucesso.
2026-04-17 20:57:19,268 | INFO | Iniciando o projeto.
2026-04-17 20:57:19,268 | INFO | Riot Client encontrado em: C:\Games\Riot Games\Riot Client\RiotClientServices.exe
2026-04-17 20:57:19,278 | INFO | Riot Client iniciado. PID: 17700
2026-04-17 20:57:19,278 | INFO | Aguardando abertura da janela do Riot Client...
2026-04-17 20:57:27,006 | INFO | Janela do Riot Client encontrada com sucesso.
2026-04-17 20:57:27,563 | INFO | Janela do Riot Client focada.
2026-04-17 20:57:29,564 | INFO | Clicando no ícone do VALORANT...
2026-04-17 20:57:34,321 | INFO | Clicando no botão PLAY...
2026-04-17 20:57:37,083 | INFO | Aguardando abertura da janela do VALORANT...
2026-04-17 20:57:55,496 | INFO | Janela do VALORANT encontrada com sucesso.
2026-04-17 20:57:57,131 | INFO | Janela do VALORANT focada.
2026-04-17 20:58:02,131 | INFO | Clicando no botão LOJA...
2026-04-17 20:58:09,892 | INFO | Capturando screenshot da loja...
2026-04-17 20:58:12,182 | INFO | Screenshot salva em: data\screenshots\store.png
2026-04-17 20:58:12,183 | INFO | Lendo ofertas com OCR...
2026-04-17 20:58:13,018 | INFO | Ofertas encontradas:
2026-04-17 20:58:13,020 | INFO | 1. BUBBLEGUM DEATHWISH SHERIFF   2175
2026-04-17 20:58:13,020 | INFO | 2. ION SPECTRE  1775
2026-04-17 20:58:13,020 | INFO | 3. PHASEGUARD GHOST  2475
2026-04-17 20:58:13,020 | INFO | 4. KOHAKU & MATSUBA SORE  1275
2026-04-17 20:58:13,020 | INFO | Teste concluído com sucesso.
2026-04-17 21:03:57,373 | INFO | Iniciando o projeto.
2026-04-17 21:03:57,374 | INFO | Riot Client encontrado em: C:\Games\Riot Games\Riot Client\RiotClientServices.exe
2026-04-17 21:03:57,385 | INFO | Riot Client iniciado. PID: 11216
2026-04-17 21:03:57,385 | INFO | Aguardando abertura da janela do Riot Client...
2026-04-17 21:04:01,245 | INFO | Janela do Riot Client encontrada com sucesso.
2026-04-17 21:04:07,123 | INFO | Janela do Riot Client focada.
2026-04-17 21:04:09,124 | INFO | Clicando no ícone do VALORANT...
2026-04-17 21:04:13,881 | INFO | Clicando no botão PLAY...
2026-04-17 21:04:16,642 | INFO | Aguardando abertura da janela do VALORANT...
2026-04-17 21:04:18,648 | INFO | Janela do VALORANT encontrada com sucesso.
2026-04-17 21:04:22,669 | INFO | Janela do VALORANT focada.
2026-04-17 21:04:27,670 | INFO | Clicando no botão LOJA...
2026-04-17 21:04:35,428 | INFO | Capturando screenshot da loja...
2026-04-17 21:04:37,723 | INFO | Screenshot salva em: data\screenshots\store.png
2026-04-17 21:04:37,723 | INFO | Lendo ofertas com OCR...
2026-04-17 21:04:38,553 | INFO | Ofertas encontradas:
2026-04-17 21:04:38,553 | INFO | 1. BUBBLEGUM DEATHWISH SHERIFF   2175
2026-04-17 21:04:38,553 | INFO | 2. ION SPECTRE  1775
2026-04-17 21:04:38,554 | INFO | 3. PHASEGUARD GHOST  2475
2026-04-17 21:04:38,554 | INFO | 4. KOHAKU & MATSUBA SORE  1275
2026-04-17 21:04:38,554 | INFO | Teste concluído com sucesso.
2026-04-22 20:45:49,317 | INFO | Iniciando o projeto.
2026-04-22 20:45:49,317 | INFO | Riot Client encontrado em: C:\Games\Riot Games\Riot Client\RiotClientServices.exe
2026-04-22 20:45:49,317 | INFO | Riot Client iniciado. PID: 10992
2026-04-22 20:45:49,317 | INFO | Aguardando abertura da janela do Riot Client...
2026-04-22 20:45:59,122 | INFO | Janela do Riot Client encontrada com sucesso.
2026-04-22 20:45:59,725 | INFO | Janela do Riot Client focada.
2026-04-22 20:46:01,726 | INFO | Clicando no ícone do VALORANT...
2026-04-22 20:46:06,486 | INFO | Clicando no botão PLAY...
2026-04-22 20:46:09,242 | INFO | Aguardando abertura da janela do VALORANT...
2026-04-22 20:46:51,053 | INFO | Janela do VALORANT encontrada com sucesso.
2026-04-22 20:46:56,648 | INFO | Janela do VALORANT focada.
2026-04-22 20:47:01,649 | INFO | Clicando no botão LOJA...
2026-04-22 20:47:09,411 | INFO | Capturando screenshot da loja...
2026-04-22 20:47:11,736 | INFO | Screenshot salva em: data\screenshots\store.png
2026-04-22 20:47:11,736 | INFO | Lendo ofertas com OCR...
2026-04-22 20:47:14,214 | INFO | Ofertas encontradas:
2026-04-22 20:47:14,214 | INFO | 1. IMPERIUM — 2175 VP
2026-04-22 20:47:14,214 | INFO | 2. SENSATION FRENZY — 875 VP
2026-04-22 20:47:14,215 | INFO | 3. SINGULARITY VANDAL — 2175 VP
2026-04-22 20:47:14,215 | INFO | 4. PRIMORDIUM SPECTRE — 2175 VP
2026-04-22 20:47:14,215 | INFO | Teste concluído com sucesso.
2026-04-22 20:55:38,522 | INFO | Iniciando o projeto.
2026-04-22 20:55:38,522 | INFO | Riot Client encontrado em: C:\Games\Riot Games\Riot Client\RiotClientServices.exe
2026-04-22 20:55:38,534 | INFO | Riot Client iniciado. PID: 10816
2026-04-22 20:55:38,534 | INFO | Aguardando abertura da janela do Riot Client...
2026-04-22 20:55:40,638 | INFO | Janela do Riot Client encontrada com sucesso.
2026-04-22 20:55:47,757 | INFO | Janela do Riot Client focada.
2026-04-22 20:55:49,758 | INFO | Clicando no ícone do VALORANT...
2026-04-22 20:55:54,519 | INFO | Clicando no botão PLAY...
2026-04-22 20:55:57,280 | INFO | Aguardando abertura da janela do VALORANT...
2026-04-22 20:55:59,292 | INFO | Janela do VALORANT encontrada com sucesso.
2026-04-22 20:56:03,316 | INFO | Janela do VALORANT focada.
2026-04-22 20:56:08,317 | INFO | Clicando no botão LOJA...
2026-04-22 20:56:16,080 | INFO | Capturando screenshot da loja...
2026-04-22 20:56:18,372 | INFO | Screenshot salva em: data\screenshots\store.png
2026-04-22 20:56:18,372 | INFO | Lendo ofertas com OCR...
2026-04-22 20:56:23,297 | INFO | Ofertas enviadas para o Telegram com sucesso.
2026-04-22 20:56:23,297 | INFO | 1. IMPERIUM — 2175 VP
2026-04-22 20:56:23,297 | INFO | 2. SENSATION FRENZY — 875 VP
2026-04-22 20:56:23,297 | INFO | 3. SINGULARITY VANDAL — 2175 VP
2026-04-22 20:56:23,297 | INFO | 4. PRIMORDIUM SPECTRE — 2175 VP
2026-04-22 21:01:00,792 | INFO | Iniciando o projeto.
2026-04-22 21:01:00,792 | INFO | Riot Client encontrado em: C:\Games\Riot Games\Riot Client\RiotClientServices.exe
2026-04-22 21:01:00,802 | INFO | Riot Client iniciado. PID: 16896
2026-04-22 21:01:00,803 | INFO | Aguardando abertura da janela do Riot Client...
2026-04-22 21:01:03,059 | INFO | Janela do Riot Client encontrada com sucesso.
2026-04-22 21:01:09,844 | INFO | Janela do Riot Client focada.
2026-04-22 21:01:11,845 | INFO | Clicando no ícone do VALORANT...
2026-04-22 21:01:16,605 | INFO | Clicando no botão PLAY...
2026-04-22 21:01:19,365 | INFO | Aguardando abertura da janela do VALORANT...
2026-04-22 21:01:21,618 | INFO | Janela do VALORANT encontrada com sucesso.
2026-04-22 21:01:25,652 | INFO | Janela do VALORANT focada.
2026-04-22 21:01:30,653 | INFO | Clicando no botão LOJA...
2026-04-22 21:01:38,410 | INFO | Capturando screenshot da loja...
2026-04-22 21:01:40,707 | INFO | Screenshot salva em: data\screenshots\store.png
2026-04-22 21:01:40,707 | INFO | Lendo ofertas com OCR...
2026-04-22 21:01:45,658 | INFO | Ofertas enviadas para o Telegram com sucesso.
2026-04-22 21:01:45,659 | INFO | 1. IMPERIUM — 2175 VP
2026-04-22 21:01:45,659 | INFO | 2. SENSATION FRENZY — 875 VP
2026-04-22 21:01:45,659 | INFO | 3. SINGULARITY VANDAL — 2175 VP
2026-04-22 21:01:45,659 | INFO | 4. PRIMORDIUM SPECTRE — 2175 VP
2026-04-22 21:05:24,680 | INFO | Iniciando o projeto.
2026-04-22 21:05:24,680 | INFO | Riot Client encontrado em: C:\Games\Riot Games\Riot Client\RiotClientServices.exe
2026-04-22 21:05:24,691 | INFO | Riot Client iniciado. PID: 11036
2026-04-22 21:05:24,691 | INFO | Aguardando abertura da janela do Riot Client...
2026-04-22 21:05:27,694 | INFO | Janela do Riot Client encontrada com sucesso.
2026-04-22 21:05:34,330 | INFO | Janela do Riot Client focada.
2026-04-22 21:05:36,331 | INFO | Clicando no ícone do VALORANT...
2026-04-22 21:05:41,092 | INFO | Clicando no botão PLAY...
2026-04-22 21:05:43,850 | INFO | Aguardando abertura da janela do VALORANT...
2026-04-22 21:05:45,880 | INFO | Janela do VALORANT encontrada com sucesso.
2026-04-22 21:05:49,907 | INFO | Janela do VALORANT focada.
2026-04-22 21:05:54,908 | INFO | Clicando no botão LOJA...
2026-04-22 21:06:02,670 | INFO | Capturando screenshot da loja...
2026-04-22 21:06:04,966 | INFO | Screenshot salva em: data\screenshots\store.png
2026-04-22 21:06:04,966 | INFO | Lendo ofertas com OCR...
2026-04-22 21:06:14,688 | INFO | Ofertas enviadas para o Telegram com sucesso.
2026-04-22 21:06:14,688 | INFO | 1. IMPERIUM — 2175 VP
2026-04-22 21:06:14,688 | INFO | 2. SENSATION FRENZY — 875 VP
2026-04-22 21:06:14,688 | INFO | 3. SINGULARITY VANDAL — 2175 VP
2026-04-22 21:06:14,688 | INFO | 4. PRIMORDIUM SPECTRE — 2175 VP
2026-04-22 21:12:06,615 | INFO | Iniciando o projeto.
2026-04-22 21:12:06,615 | INFO | Riot Client encontrado em: C:\Games\Riot Games\Riot Client\RiotClientServices.exe
2026-04-22 21:12:06,625 | INFO | Riot Client iniciado. PID: 8344
2026-04-22 21:12:06,627 | INFO | Aguardando abertura da janela do Riot Client...
2026-04-22 21:12:08,738 | INFO | Janela do Riot Client encontrada com sucesso.
2026-04-22 21:12:14,315 | INFO | Janela do Riot Client focada.
2026-04-22 21:12:16,317 | INFO | Clicando no ícone do VALORANT...
2026-04-22 21:12:21,080 | INFO | Clicando no botão PLAY...
2026-04-22 21:12:23,840 | INFO | Aguardando abertura da janela do VALORANT...
2026-04-22 21:12:25,856 | INFO | Janela do VALORANT encontrada com sucesso.
2026-04-22 21:12:29,877 | INFO | Janela do VALORANT focada.
2026-04-22 21:12:34,879 | INFO | Clicando no botão LOJA...
2026-04-22 21:12:42,640 | INFO | Capturando screenshot da loja...
2026-04-22 21:12:44,935 | INFO | Screenshot salva em: data\screenshots\store.png
2026-04-22 21:12:44,935 | INFO | Lendo ofertas com OCR...
2026-04-22 21:12:54,930 | INFO | Ofertas enviadas para o Telegram com sucesso.
2026-04-22 21:12:54,930 | INFO | 1. IMPERIUM VANDAL — 2175 VP
2026-04-22 21:12:54,931 | INFO | 2. SENSATION FRENZY — 875 VP
2026-04-22 21:12:54,931 | INFO | 3. SINGULARITY VANDAL — 2175 VP
2026-04-22 21:12:54,931 | INFO | 4. PRIMORDIUM SPECTRE — 2175 VP
